Using pre-set license
Built from '2020.3/staging' branch; Version is '2020.3.48f1 (b805b124c6b7) revision 12060081'; Using compiler version '192528614'; Build Type 'Release'
OS: 'Windows 10  (10.0.19045) 64bit Professional' Language: 'es' Physical Memory: 16313 MB
BatchMode: 1, IsHumanControllingUs: 0, StartBugReporterOnCrash: 0, Is64bit: 1, IsPro: 0

COMMAND LINE ARGUMENTS:
C:\Program Files\Unity\Hub\Editor\2020.3.48f1\Editor\Unity.exe
-adb2
-batchMode
-noUpm
-name
AssetImportWorker1
-projectPath
D:/DungeonScape/DungeonScape2D/DungeonScape
-logFile
Logs/AssetImportWorker1.log
-srvPort
51956
Successfully changed project path to: D:/DungeonScape/DungeonScape2D/DungeonScape
D:/DungeonScape/DungeonScape2D/DungeonScape
Using Asset Import Pipeline V2.
Player connection [7884] Host "[IP] 192.168.100.31 [Port] 2953007648 [Flags] 2 [Guid] 493993307 [EditorId] 493993307 [Version] 1048832 [Id] WindowsEditor(7,DESKTOP-CKHMEP0) [Debug] 1 [PackageName] WindowsEditor [ProjectName] Editor" joined multi-casting on [225.0.0.222:54997]...

Player connection [7884] Host "[IP] 192.168.100.31 [Port] 2953007648 [Flags] 2 [Guid] 493993307 [EditorId] 493993307 [Version] 1048832 [Id] WindowsEditor(7,DESKTOP-CKHMEP0) [Debug] 1 [PackageName] WindowsEditor [ProjectName] Editor" joined alternative multi-casting on [225.0.0.222:34997]...

Refreshing native plugins compatible for Editor in 204.44 ms, found 3 plugins.
Preloading 0 native plugins for Editor in 0.00 ms.
Initialize engine version: 2020.3.48f1 (b805b124c6b7)
[Subsystems] Discovering subsystems at path C:/Program Files/Unity/Hub/Editor/2020.3.48f1/Editor/Data/Resources/UnitySubsystems
[Subsystems] Discovering subsystems at path D:/DungeonScape/DungeonScape2D/DungeonScape/Assets
GfxDevice: creating device client; threaded=0
Direct3D:
    Version:  Direct3D 11.0 [level 11.1]
    Renderer: Radeon RX 580 Series (ID=0x67df)
    Vendor:   
    VRAM:     8135 MB
    Driver:   31.0.14051.5006
Initialize mono
Mono path[0] = 'C:/Program Files/Unity/Hub/Editor/2020.3.48f1/Editor/Data/Managed'
Mono path[1] = 'C:/Program Files/Unity/Hub/Editor/2020.3.48f1/Editor/Data/MonoBleedingEdge/lib/mono/unityjit'
Mono config path = 'C:/Program Files/Unity/Hub/Editor/2020.3.48f1/Editor/Data/MonoBleedingEdge/etc'
Using monoOptions --debugger-agent=transport=dt_socket,embedding=1,server=y,suspend=n,address=127.0.0.1:56224
Begin MonoManager ReloadAssembly
Registering precompiled unity dll's ...
Register platform support module: C:/Program Files/Unity/Hub/Editor/2020.3.48f1/Editor/Data/PlaybackEngines/WindowsStandaloneSupport/UnityEditor.WindowsStandalone.Extensions.dll
Registered in 0.111154 seconds.
Native extension for WindowsStandalone target not found
Refreshing native plugins compatible for Editor in 51.92 ms, found 3 plugins.
Preloading 0 native plugins for Editor in 0.00 ms.
Mono: successfully reloaded assembly
- Completed reload, in  4.356 seconds
Domain Reload Profiling:
	ReloadAssembly (4356ms)
		BeginReloadAssembly (3158ms)
			ExecutionOrderSort (0ms)
			DisableScriptedObjects (0ms)
			BackupInstance (0ms)
			ReleaseScriptingObjects (0ms)
			CreateAndSetChildDomain (1ms)
		EndReloadAssembly (873ms)
			LoadAssemblies (3160ms)
			RebuildTransferFunctionScriptingTraits (0ms)
			SetupTypeCache (532ms)
			ReleaseScriptCaches (0ms)
			RebuildScriptCaches (29ms)
			SetupLoadedEditorAssemblies (184ms)
				LogAssemblyErrors (0ms)
				InitializePlatformSupportModulesInManaged (4ms)
				SetLoadedEditorAssemblies (0ms)
				RefreshPlugins (52ms)
				BeforeProcessingInitializeOnLoad (16ms)
				ProcessInitializeOnLoadAttributes (79ms)
				ProcessInitializeOnLoadMethodAttributes (32ms)
				AfterProcessingInitializeOnLoad (0ms)
				EditorAssembliesLoaded (0ms)
			ExecutionOrderSort2 (0ms)
			AwakeInstancesAfterBackupRestoration (0ms)
Platform modules already initialized, skipping
Registering precompiled user dll's ...
Registered in 0.696168 seconds.
Begin MonoManager ReloadAssembly
Native extension for WindowsStandalone target not found
Refreshing native plugins compatible for Editor in 49.79 ms, found 3 plugins.
Preloading 0 native plugins for Editor in 0.00 ms.
Mono: successfully reloaded assembly
- Completed reload, in  5.684 seconds
Domain Reload Profiling:
	ReloadAssembly (5691ms)
		BeginReloadAssembly (148ms)
			ExecutionOrderSort (0ms)
			DisableScriptedObjects (5ms)
			BackupInstance (0ms)
			ReleaseScriptingObjects (0ms)
			CreateAndSetChildDomain (19ms)
		EndReloadAssembly (5479ms)
			LoadAssemblies (3721ms)
			RebuildTransferFunctionScriptingTraits (0ms)
			SetupTypeCache (1009ms)
			ReleaseScriptCaches (1ms)
			RebuildScriptCaches (48ms)
			SetupLoadedEditorAssemblies (595ms)
				LogAssemblyErrors (0ms)
				InitializePlatformSupportModulesInManaged (3ms)
				SetLoadedEditorAssemblies (0ms)
				RefreshPlugins (50ms)
				BeforeProcessingInitializeOnLoad (78ms)
				ProcessInitializeOnLoadAttributes (441ms)
				ProcessInitializeOnLoadMethodAttributes (15ms)
				AfterProcessingInitializeOnLoad (8ms)
				EditorAssembliesLoaded (0ms)
			ExecutionOrderSort2 (0ms)
			AwakeInstancesAfterBackupRestoration (2ms)
Platform modules already initialized, skipping
========================================================================
Worker process is ready to serve import requests
Launched and connected shader compiler UnityShaderCompiler.exe after 0.08 seconds
Refreshing native plugins compatible for Editor in 0.64 ms, found 3 plugins.
Preloading 0 native plugins for Editor in 0.00 ms.
Unloading 2167 Unused Serialized files (Serialized files now loaded: 0)
System memory in use before: 97.5 MB.
System memory in use after: 97.6 MB.

Unloading 37 unused Assets to reduce memory usage. Loaded Objects now: 2596.
Total: 2.935400 ms (FindLiveObjects: 0.177600 ms CreateObjectMapping: 0.046400 ms MarkObjects: 2.644100 ms  DeleteObjects: 0.066800 ms)

AssetImportParameters requested are different than current active one (requested -> active):
  custom:framework-win-MediaFoundation: 216162199b28c13a410421893ffa2e32 -> 
  custom:video-decoder-ogg-theora: a1e56fd34408186e4bbccfd4996cb3dc -> 
  custom:container-muxer-webm: aa71ff27fc2769a1b78a27578f13a17b -> 
  custom:container-demuxer-webm: 4f35f7cbe854078d1ac9338744f61a02 -> 
  custom:container-demuxer-ogg: 62fdf1f143b41e24485cea50d1cbac27 -> 
  custom:video-encoder-webm-vp8: eb34c28f22e8b96e1ab97ce403110664 -> 
  custom:video-decoder-webm-vp8: 9c59270c3fd7afecdb556c50c9e8de78 -> 
  custom:audio-decoder-ogg-vorbis: bf7c407c2cedff20999df2af8eb42d56 -> 
  custom:audio-encoder-webm-vorbis: bf7c407c2cedff20999df2af8eb42d56 -> 
========================================================================
Received Import Request.
  path: Assets/Assets/Sprites/Materials/Floor.physicsMaterial2D
  artifactKey: Guid(e01d26099a450ec46860b2abf3251351) Importer(815301076,1909f56bfc062723c751e8b465ee728b)
Start importing Assets/Assets/Sprites/Materials/Floor.physicsMaterial2D using Guid(e01d26099a450ec46860b2abf3251351) Importer(815301076,1909f56bfc062723c751e8b465ee728b)  -> (artifact id: 'fd7be3be1d5caefebb977ac242c010df') in 0.053274 seconds 
========================================================================
Received Prepare
Registering precompiled user dll's ...
Registered in 0.003025 seconds.
Begin MonoManager ReloadAssembly
Native extension for WindowsStandalone target not found
Refreshing native plugins compatible for Editor in 0.68 ms, found 3 plugins.
Preloading 0 native plugins for Editor in 0.00 ms.
Invalid AssetDatabase path: /Editor/EditorResources/cm_logo_sm.png. Use path relative to the project folder.
0x00007ff690e9cfdc (Unity) StackWalker::GetCurrentCallstack
0x00007ff690ea44c9 (Unity) StackWalker::ShowCallstack
0x00007ff691c3fa1c (Unity) GetStacktrace
0x00007ff6926c3dd7 (Unity) DebugStringToFile
0x00007ff692287363 (Unity) ConvertToUnityPathAndValidate
0x00007ff692242ea3 (Unity) AssetDatabase_CUSTOM_LoadAssetAtPath
0x000001ddf7508dcd (Mono JIT Code) (wrapper managed-to-native) UnityEditor.AssetDatabase:LoadAssetAtPath (string,System.Type)
0x000001ddf7508cfb (Mono JIT Code) UnityEditor.AssetDatabase:LoadAssetAtPath<T_REF> (string)
0x000001ddf7507c63 (Mono JIT Code) [CinemachineSettings.cs:205] Cinemachine.Editor.CinemachineSettings:get_CinemachineLogoTexture () 
0x000001ddf75074cb (Mono JIT Code) [CinemachineSettings.cs:261] Cinemachine.Editor.CinemachineSettings:.cctor () 
0x000001ddf7506f8d (Mono JIT Code) (wrapper runtime-invoke) object:runtime_invoke_void (object,intptr,intptr,intptr)
0x00007ff8e43300e0 (mono-2.0-bdwgc) [mini-runtime.c:2849] mono_jit_runtime_invoke 
0x00007ff8e42b2ac2 (mono-2.0-bdwgc) [object.c:2921] do_runtime_invoke 
0x00007ff8e42bb1dc (mono-2.0-bdwgc) [object.c:477] mono_runtime_class_init_full 
0x00007ff8e432b60d (mono-2.0-bdwgc) [mini.c:4380] mono_jit_compile_method_inner 
0x00007ff8e432f592 (mono-2.0-bdwgc) [mini-runtime.c:2167] mono_jit_compile_method_with_opt 
0x00007ff8e440b8c6 (mono-2.0-bdwgc) [mini-trampolines.c:716] common_call_trampoline 
0x00007ff8e440d904 (mono-2.0-bdwgc) [mini-trampolines.c:848] mono_magic_trampoline 
0x000001ddee3703a3 ((<unknown>)) 
0x000001ddf75071cb (Mono JIT Code) [CinemachineColliderPrefs.cs:62] Cinemachine.CinemachineColliderPrefs:.cctor () 
0x000001ddf7506f8d (Mono JIT Code) (wrapper runtime-invoke) object:runtime_invoke_void (object,intptr,intptr,intptr)
0x00007ff8e43300e0 (mono-2.0-bdwgc) [mini-runtime.c:2849] mono_jit_runtime_invoke 
0x00007ff8e42b2ac2 (mono-2.0-bdwgc) [object.c:2921] do_runtime_invoke 
0x00007ff8e42bb1dc (mono-2.0-bdwgc) [object.c:477] mono_runtime_class_init_full 
0x00007ff8e4268d3e (mono-2.0-bdwgc) [icall.c:990] ves_icall_System_Runtime_CompilerServices_RuntimeHelpers_RunClassConstructor 
0x000001ddf7504e10 (Mono JIT Code) (wrapper managed-to-native) System.Runtime.CompilerServices.RuntimeHelpers:RunClassConstructor (intptr)
0x000001ddf7504d1b (Mono JIT Code) System.Runtime.CompilerServices.RuntimeHelpers:RunClassConstructor (System.RuntimeTypeHandle)
0x000001ddf750497b (Mono JIT Code) UnityEditor.EditorAssemblies:ProcessInitializeOnLoadAttributes (System.Type[])
0x000001ddf611a990 (Mono JIT Code) (wrapper runtime-invoke) <Module>:runtime_invoke_void_object (object,intptr,intptr,intptr)
0x00007ff8e43300e0 (mono-2.0-bdwgc) [mini-runtime.c:2849] mono_jit_runtime_invoke 
0x00007ff8e42b2ac2 (mono-2.0-bdwgc) [object.c:2921] do_runtime_invoke 
0x00007ff8e42bbb1f (mono-2.0-bdwgc) [object.c:2968] mono_runtime_invoke 
0x00007ff690de0a44 (Unity) scripting_method_invoke
0x00007ff690ddbb41 (Unity) ScriptingInvocation::Invoke
0x00007ff690dd58f5 (Unity) ScriptingInvocation::Invoke<void>
0x00007ff6900a5423 (Unity) Scripting::UnityEditor::EditorAssembliesProxy::ProcessInitializeOnLoadAttributes
0x00007ff690db3f0b (Unity) MonoManager::SetupLoadedEditorAssemblies
0x00007ff690daadc1 (Unity) MonoManager::EndReloadAssembly
0x00007ff690db1ec7 (Unity) MonoManager::ReloadAssembly
0x00007ff691ae7e61 (Unity) LoadDomainAndUserAssemblies
0x00007ff691ae84e0 (Unity) LoadUserAssemblies
0x00007ff691d2b2a8 (Unity) <lambda_cdc90be1cd3f929cae4009468e10a5ee>::operator()
0x00007ff691dbe8b2 (Unity) asio::detail::completion_handler<core::mutable_function<void __cdecl(void)>,asio::io_context::basic_executor_type<std::allocator<void>,0> >::do_complete
0x00007ff691daa7a2 (Unity) asio::detail::win_iocp_io_context::do_one
0x00007ff691dac624 (Unity) asio::detail::win_iocp_io_context::run
0x00007ff691dbcbef (Unity) IOService::Run
0x00007ff691d5498b (Unity) RunAssetImportWorkerClientV2
0x00007ff691d549e0 (Unity) RunAssetImporterV2
0x00007ff6917c4f38 (Unity) Application::InitializeProject
0x00007ff691c49db2 (Unity) WinMain
0x00007ff6933878de (Unity) __scrt_common_main_seh
0x00007ff948267614 (KERNEL32) BaseThreadInitThunk
0x00007ff9484826a1 (ntdll) RtlUserThreadStart

Invalid AssetDatabase path: /Editor/EditorResources/cm_logo_sm.png. Use path relative to the project folder.
0x00007ff690e9cfdc (Unity) StackWalker::GetCurrentCallstack
0x00007ff690ea44c9 (Unity) StackWalker::ShowCallstack
0x00007ff691c3fa1c (Unity) GetStacktrace
0x00007ff6926c3dd7 (Unity) DebugStringToFile
0x00007ff692287363 (Unity) ConvertToUnityPathAndValidate
0x00007ff692242ea3 (Unity) AssetDatabase_CUSTOM_LoadAssetAtPath
0x000001ddf7508dcd (Mono JIT Code) (wrapper managed-to-native) UnityEditor.AssetDatabase:LoadAssetAtPath (string,System.Type)
0x000001ddf7508cfb (Mono JIT Code) UnityEditor.AssetDatabase:LoadAssetAtPath<T_REF> (string)
0x000001ddf7507c63 (Mono JIT Code) [CinemachineSettings.cs:205] Cinemachine.Editor.CinemachineSettings:get_CinemachineLogoTexture () 
0x000001ddce13f46b (Mono JIT Code) [CinemachineSettings.cs:246] Cinemachine.Editor.CinemachineSettings:OnPackageLoadedInEditor () 
0x000001ddf7506fdb (Mono JIT Code) (wrapper runtime-invoke) object:runtime_invoke_void (object,intptr,intptr,intptr)
0x00007ff8e43300e0 (mono-2.0-bdwgc) [mini-runtime.c:2849] mono_jit_runtime_invoke 
0x00007ff8e42b2ac2 (mono-2.0-bdwgc) [object.c:2921] do_runtime_invoke 
0x00007ff8e42bbcf2 (mono-2.0-bdwgc) [object.c:3073] mono_runtime_invoke_checked 
0x00007ff8e42bc489 (mono-2.0-bdwgc) [object.c:5264] mono_runtime_try_invoke_array 
0x00007ff8e42bbc86 (mono-2.0-bdwgc) [object.c:5142] mono_runtime_invoke_array_checked 
0x00007ff8e42604a4 (mono-2.0-bdwgc) [icall.c:3358] ves_icall_InternalInvoke 
0x000001ddf750641d (Mono JIT Code) (wrapper managed-to-native) System.Reflection.MonoMethod:InternalInvoke (System.Reflection.MonoMethod,object,object[],System.Exception&)
0x000001ddf750583b (Mono JIT Code) System.Reflection.MonoMethod:Invoke (object,System.Reflection.BindingFlags,System.Reflection.Binder,object[],System.Globalization.CultureInfo)
0x000001ddf750575e (Mono JIT Code) System.Reflection.MethodBase:Invoke (object,object[])
0x000001ddce13ebb3 (Mono JIT Code) UnityEditor.EditorAssemblies:ProcessInitializeOnLoadMethodAttributes ()
0x000001ddf611ac4d (Mono JIT Code) (wrapper runtime-invoke) object:runtime_invoke_void (object,intptr,intptr,intptr)
0x00007ff8e43300e0 (mono-2.0-bdwgc) [mini-runtime.c:2849] mono_jit_runtime_invoke 
0x00007ff8e42b2ac2 (mono-2.0-bdwgc) [object.c:2921] do_runtime_invoke 
0x00007ff8e42bbb1f (mono-2.0-bdwgc) [object.c:2968] mono_runtime_invoke 
0x00007ff690de0a44 (Unity) scripting_method_invoke
0x00007ff690ddbb41 (Unity) ScriptingInvocation::Invoke
0x00007ff690dd58f5 (Unity) ScriptingInvocation::Invoke<void>
0x00007ff6900a549b (Unity) Scripting::UnityEditor::EditorAssembliesProxy::ProcessInitializeOnLoadMethodAttributes
0x00007ff690db3f33 (Unity) MonoManager::SetupLoadedEditorAssemblies
0x00007ff690daadc1 (Unity) MonoManager::EndReloadAssembly
0x00007ff690db1ec7 (Unity) MonoManager::ReloadAssembly
0x00007ff691ae7e61 (Unity) LoadDomainAndUserAssemblies
0x00007ff691ae84e0 (Unity) LoadUserAssemblies
0x00007ff691d2b2a8 (Unity) <lambda_cdc90be1cd3f929cae4009468e10a5ee>::operator()
0x00007ff691dbe8b2 (Unity) asio::detail::completion_handler<core::mutable_function<void __cdecl(void)>,asio::io_context::basic_executor_type<std::allocator<void>,0> >::do_complete
0x00007ff691daa7a2 (Unity) asio::detail::win_iocp_io_context::do_one
0x00007ff691dac624 (Unity) asio::detail::win_iocp_io_context::run
0x00007ff691dbcbef (Unity) IOService::Run
0x00007ff691d5498b (Unity) RunAssetImportWorkerClientV2
0x00007ff691d549e0 (Unity) RunAssetImporterV2
0x00007ff6917c4f38 (Unity) Application::InitializeProject
0x00007ff691c49db2 (Unity) WinMain
0x00007ff6933878de (Unity) __scrt_common_main_seh
0x00007ff948267614 (KERNEL32) BaseThreadInitThunk
0x00007ff9484826a1 (ntdll) RtlUserThreadStart

Mono: successfully reloaded assembly
- Completed reload, in  1.226 seconds
Domain Reload Profiling:
	ReloadAssembly (1227ms)
		BeginReloadAssembly (123ms)
			ExecutionOrderSort (0ms)
			DisableScriptedObjects (7ms)
			BackupInstance (0ms)
			ReleaseScriptingObjects (0ms)
			CreateAndSetChildDomain (37ms)
		EndReloadAssembly (1036ms)
			LoadAssemblies (106ms)
			RebuildTransferFunctionScriptingTraits (0ms)
			SetupTypeCache (286ms)
			ReleaseScriptCaches (1ms)
			RebuildScriptCaches (45ms)
			SetupLoadedEditorAssemblies (506ms)
				LogAssemblyErrors (0ms)
				InitializePlatformSupportModulesInManaged (4ms)
				SetLoadedEditorAssemblies (0ms)
				RefreshPlugins (1ms)
				BeforeProcessingInitializeOnLoad (83ms)
				ProcessInitializeOnLoadAttributes (395ms)
				ProcessInitializeOnLoadMethodAttributes (14ms)
				AfterProcessingInitializeOnLoad (9ms)
				EditorAssembliesLoaded (0ms)
			ExecutionOrderSort2 (0ms)
			AwakeInstancesAfterBackupRestoration (3ms)
Platform modules already initialized, skipping
Switching build target platform(19) subTarget(0) extendedPlatform(0) -> platform(13) subTarget(537395200) extendedPlatform(0)
Refreshing native plugins compatible for Editor in 0.68 ms, found 3 plugins.
Preloading 0 native plugins for Editor in 0.00 ms.
Unloading 2305 Unused Serialized files (Serialized files now loaded: 0)
System memory in use before: 102.2 MB.
System memory in use after: 102.4 MB.

Unloading 27 unused Assets to reduce memory usage. Loaded Objects now: 2746.
Total: 3.003300 ms (FindLiveObjects: 0.206200 ms CreateObjectMapping: 0.054800 ms MarkObjects: 2.685500 ms  DeleteObjects: 0.056200 ms)

AssetImportParameters requested are different than current active one (requested -> active):
  custom:framework-win-MediaFoundation: 216162199b28c13a410421893ffa2e32 -> 
  custom:video-decoder-ogg-theora: a1e56fd34408186e4bbccfd4996cb3dc -> 
  custom:container-muxer-webm: aa71ff27fc2769a1b78a27578f13a17b -> 
  custom:container-demuxer-webm: 4f35f7cbe854078d1ac9338744f61a02 -> 
  custom:container-demuxer-ogg: 62fdf1f143b41e24485cea50d1cbac27 -> 
  custom:video-encoder-webm-vp8: eb34c28f22e8b96e1ab97ce403110664 -> 
  custom:video-decoder-webm-vp8: 9c59270c3fd7afecdb556c50c9e8de78 -> 
  custom:graphics/normal-map-encoding: 01000000000000000000000000000000 -> 02000000000000000000000000000000
  custom:audio-decoder-ogg-vorbis: bf7c407c2cedff20999df2af8eb42d56 -> 
  custom:audio-encoder-webm-vorbis: bf7c407c2cedff20999df2af8eb42d56 -> 
========================================================================
Received Prepare
Registering precompiled user dll's ...
Registered in 0.002610 seconds.
Begin MonoManager ReloadAssembly
Native extension for WindowsStandalone target not found
Refreshing native plugins compatible for Editor in 0.71 ms, found 3 plugins.
Preloading 0 native plugins for Editor in 0.00 ms.
Mono: successfully reloaded assembly
- Completed reload, in  1.095 seconds
Domain Reload Profiling:
	ReloadAssembly (1096ms)
		BeginReloadAssembly (137ms)
			ExecutionOrderSort (0ms)
			DisableScriptedObjects (8ms)
			BackupInstance (0ms)
			ReleaseScriptingObjects (0ms)
			CreateAndSetChildDomain (41ms)
		EndReloadAssembly (892ms)
			LoadAssemblies (112ms)
			RebuildTransferFunctionScriptingTraits (0ms)
			SetupTypeCache (314ms)
			ReleaseScriptCaches (1ms)
			RebuildScriptCaches (50ms)
			SetupLoadedEditorAssemblies (324ms)
				LogAssemblyErrors (0ms)
				InitializePlatformSupportModulesInManaged (4ms)
				SetLoadedEditorAssemblies (0ms)
				RefreshPlugins (1ms)
				BeforeProcessingInitializeOnLoad (87ms)
				ProcessInitializeOnLoadAttributes (213ms)
				ProcessInitializeOnLoadMethodAttributes (12ms)
				AfterProcessingInitializeOnLoad (7ms)
				EditorAssembliesLoaded (0ms)
			ExecutionOrderSort2 (0ms)
			AwakeInstancesAfterBackupRestoration (3ms)
Platform modules already initialized, skipping
Switching build target platform(19) subTarget(0) extendedPlatform(0) -> platform(13) subTarget(537395200) extendedPlatform(0)
Refreshing native plugins compatible for Editor in 0.73 ms, found 3 plugins.
Preloading 0 native plugins for Editor in 0.00 ms.
Unloading 2306 Unused Serialized files (Serialized files now loaded: 0)
System memory in use before: 102.3 MB.
System memory in use after: 102.5 MB.

Unloading 28 unused Assets to reduce memory usage. Loaded Objects now: 2750.
Total: 3.411800 ms (FindLiveObjects: 0.227100 ms CreateObjectMapping: 0.059600 ms MarkObjects: 3.064300 ms  DeleteObjects: 0.059800 ms)

AssetImportParameters requested are different than current active one (requested -> active):
  custom:framework-win-MediaFoundation: 216162199b28c13a410421893ffa2e32 -> 
  custom:video-decoder-ogg-theora: a1e56fd34408186e4bbccfd4996cb3dc -> 
  custom:container-muxer-webm: aa71ff27fc2769a1b78a27578f13a17b -> 
  custom:container-demuxer-webm: 4f35f7cbe854078d1ac9338744f61a02 -> 
  custom:container-demuxer-ogg: 62fdf1f143b41e24485cea50d1cbac27 -> 
  custom:video-encoder-webm-vp8: eb34c28f22e8b96e1ab97ce403110664 -> 
  custom:video-decoder-webm-vp8: 9c59270c3fd7afecdb556c50c9e8de78 -> 
  custom:graphics/normal-map-encoding: 01000000000000000000000000000000 -> 02000000000000000000000000000000
  custom:audio-decoder-ogg-vorbis: bf7c407c2cedff20999df2af8eb42d56 -> 
  custom:audio-encoder-webm-vorbis: bf7c407c2cedff20999df2af8eb42d56 -> 
========================================================================
Received Prepare
Registering precompiled user dll's ...
Registered in 0.002483 seconds.
Begin MonoManager ReloadAssembly
Native extension for WindowsStandalone target not found
Refreshing native plugins compatible for Editor in 0.67 ms, found 3 plugins.
Preloading 0 native plugins for Editor in 0.00 ms.
Mono: successfully reloaded assembly
- Completed reload, in  1.038 seconds
Domain Reload Profiling:
	ReloadAssembly (1038ms)
		BeginReloadAssembly (129ms)
			ExecutionOrderSort (0ms)
			DisableScriptedObjects (6ms)
			BackupInstance (0ms)
			ReleaseScriptingObjects (0ms)
			CreateAndSetChildDomain (39ms)
		EndReloadAssembly (845ms)
			LoadAssemblies (106ms)
			RebuildTransferFunctionScriptingTraits (0ms)
			SetupTypeCache (285ms)
			ReleaseScriptCaches (1ms)
			RebuildScriptCaches (45ms)
			SetupLoadedEditorAssemblies (312ms)
				LogAssemblyErrors (0ms)
				InitializePlatformSupportModulesInManaged (4ms)
				SetLoadedEditorAssemblies (0ms)
				RefreshPlugins (1ms)
				BeforeProcessingInitializeOnLoad (84ms)
				ProcessInitializeOnLoadAttributes (205ms)
				ProcessInitializeOnLoadMethodAttributes (11ms)
				AfterProcessingInitializeOnLoad (7ms)
				EditorAssembliesLoaded (0ms)
			ExecutionOrderSort2 (0ms)
			AwakeInstancesAfterBackupRestoration (3ms)
Platform modules already initialized, skipping
Switching build target platform(19) subTarget(0) extendedPlatform(0) -> platform(13) subTarget(537395200) extendedPlatform(0)
Refreshing native plugins compatible for Editor in 0.68 ms, found 3 plugins.
Preloading 0 native plugins for Editor in 0.00 ms.
Unloading 2305 Unused Serialized files (Serialized files now loaded: 0)
System memory in use before: 102.3 MB.
System memory in use after: 102.5 MB.

Unloading 28 unused Assets to reduce memory usage. Loaded Objects now: 2753.
Total: 3.144500 ms (FindLiveObjects: 0.213100 ms CreateObjectMapping: 0.056100 ms MarkObjects: 2.808600 ms  DeleteObjects: 0.065700 ms)

AssetImportParameters requested are different than current active one (requested -> active):
  custom:framework-win-MediaFoundation: 216162199b28c13a410421893ffa2e32 -> 
  custom:video-decoder-ogg-theora: a1e56fd34408186e4bbccfd4996cb3dc -> 
  custom:container-muxer-webm: aa71ff27fc2769a1b78a27578f13a17b -> 
  custom:container-demuxer-webm: 4f35f7cbe854078d1ac9338744f61a02 -> 
  custom:container-demuxer-ogg: 62fdf1f143b41e24485cea50d1cbac27 -> 
  custom:video-encoder-webm-vp8: eb34c28f22e8b96e1ab97ce403110664 -> 
  custom:video-decoder-webm-vp8: 9c59270c3fd7afecdb556c50c9e8de78 -> 
  custom:graphics/normal-map-encoding: 01000000000000000000000000000000 -> 02000000000000000000000000000000
  custom:audio-decoder-ogg-vorbis: bf7c407c2cedff20999df2af8eb42d56 -> 
  custom:audio-encoder-webm-vorbis: bf7c407c2cedff20999df2af8eb42d56 -> 
AssetImportWorkerClient::OnTransportError - code=2 error=End of file
