Using pre-set license
Built from '2020.3/staging' branch; Version is '2020.3.48f1 (b805b124c6b7) revision 12060081'; Using compiler version '192528614'; Build Type 'Release'
OS: 'Windows 10  (10.0.19045) 64bit Professional' Language: 'es' Physical Memory: 16313 MB
BatchMode: 1, IsHumanControllingUs: 0, StartBugReporterOnCrash: 0, Is64bit: 1, IsPro: 0

COMMAND LINE ARGUMENTS:
C:\Program Files\Unity\Hub\Editor\2020.3.48f1\Editor\Unity.exe
-adb2
-batchMode
-noUpm
-name
AssetImportWorker0
-projectPath
D:/DungeonScape/DungeonScape2D/DungeonScape
-logFile
Logs/AssetImportWorker0.log
-srvPort
49506
Successfully changed project path to: D:/DungeonScape/DungeonScape2D/DungeonScape
D:/DungeonScape/DungeonScape2D/DungeonScape
Using Asset Import Pipeline V2.
Player connection [13548] Host "[IP] 192.168.100.31 [Port] 3221443040 [Flags] 2 [Guid] 2172038913 [EditorId] 2172038913 [Version] 1048832 [Id] WindowsEditor(7,DESKTOP-CKHMEP0) [Debug] 1 [PackageName] WindowsEditor [ProjectName] Editor" joined multi-casting on [225.0.0.222:54997]...

Player connection [13548] Host "[IP] 192.168.100.31 [Port] 3221443040 [Flags] 2 [Guid] 2172038913 [EditorId] 2172038913 [Version] 1048832 [Id] WindowsEditor(7,DESKTOP-CKHMEP0) [Debug] 1 [PackageName] WindowsEditor [ProjectName] Editor" joined alternative multi-casting on [225.0.0.222:34997]...

Refreshing native plugins compatible for Editor in 60.35 ms, found 3 plugins.
Preloading 0 native plugins for Editor in 0.00 ms.
Initialize engine version: 2020.3.48f1 (b805b124c6b7)
[Subsystems] Discovering subsystems at path C:/Program Files/Unity/Hub/Editor/2020.3.48f1/Editor/Data/Resources/UnitySubsystems
[Subsystems] Discovering subsystems at path D:/DungeonScape/DungeonScape2D/DungeonScape/Assets
GfxDevice: creating device client; threaded=0
Direct3D:
    Version:  Direct3D 11.0 [level 11.1]
    Renderer: Radeon RX 580 Series (ID=0x67df)
    Vendor:   
    VRAM:     8135 MB
    Driver:   31.0.14057.5006
Initialize mono
Mono path[0] = 'C:/Program Files/Unity/Hub/Editor/2020.3.48f1/Editor/Data/Managed'
Mono path[1] = 'C:/Program Files/Unity/Hub/Editor/2020.3.48f1/Editor/Data/MonoBleedingEdge/lib/mono/unityjit'
Mono config path = 'C:/Program Files/Unity/Hub/Editor/2020.3.48f1/Editor/Data/MonoBleedingEdge/etc'
Using monoOptions --debugger-agent=transport=dt_socket,embedding=1,server=y,suspend=n,address=127.0.0.1:56304
Begin MonoManager ReloadAssembly
Registering precompiled unity dll's ...
Register platform support module: C:/Program Files/Unity/Hub/Editor/2020.3.48f1/Editor/Data/PlaybackEngines/WindowsStandaloneSupport/UnityEditor.WindowsStandalone.Extensions.dll
Registered in 0.118748 seconds.
Native extension for WindowsStandalone target not found
Refreshing native plugins compatible for Editor in 66.41 ms, found 3 plugins.
Preloading 0 native plugins for Editor in 0.00 ms.
Mono: successfully reloaded assembly
- Completed reload, in  4.524 seconds
Domain Reload Profiling:
	ReloadAssembly (4524ms)
		BeginReloadAssembly (3270ms)
			ExecutionOrderSort (0ms)
			DisableScriptedObjects (0ms)
			BackupInstance (0ms)
			ReleaseScriptingObjects (0ms)
			CreateAndSetChildDomain (1ms)
		EndReloadAssembly (930ms)
			LoadAssemblies (3274ms)
			RebuildTransferFunctionScriptingTraits (0ms)
			SetupTypeCache (557ms)
			ReleaseScriptCaches (0ms)
			RebuildScriptCaches (31ms)
			SetupLoadedEditorAssemblies (212ms)
				LogAssemblyErrors (0ms)
				InitializePlatformSupportModulesInManaged (9ms)
				SetLoadedEditorAssemblies (0ms)
				RefreshPlugins (66ms)
				BeforeProcessingInitializeOnLoad (18ms)
				ProcessInitializeOnLoadAttributes (85ms)
				ProcessInitializeOnLoadMethodAttributes (34ms)
				AfterProcessingInitializeOnLoad (0ms)
				EditorAssembliesLoaded (0ms)
			ExecutionOrderSort2 (0ms)
			AwakeInstancesAfterBackupRestoration (0ms)
Platform modules already initialized, skipping
Registering precompiled user dll's ...
Registered in 0.002684 seconds.
Begin MonoManager ReloadAssembly
Native extension for WindowsStandalone target not found
Refreshing native plugins compatible for Editor in 54.33 ms, found 3 plugins.
Preloading 0 native plugins for Editor in 0.00 ms.
Mono: successfully reloaded assembly
- Completed reload, in  1.338 seconds
Domain Reload Profiling:
	ReloadAssembly (1339ms)
		BeginReloadAssembly (164ms)
			ExecutionOrderSort (0ms)
			DisableScriptedObjects (5ms)
			BackupInstance (0ms)
			ReleaseScriptingObjects (0ms)
			CreateAndSetChildDomain (22ms)
		EndReloadAssembly (1106ms)
			LoadAssemblies (118ms)
			RebuildTransferFunctionScriptingTraits (0ms)
			SetupTypeCache (371ms)
			ReleaseScriptCaches (1ms)
			RebuildScriptCaches (54ms)
			SetupLoadedEditorAssemblies (458ms)
				LogAssemblyErrors (0ms)
				InitializePlatformSupportModulesInManaged (3ms)
				SetLoadedEditorAssemblies (0ms)
				RefreshPlugins (54ms)
				BeforeProcessingInitializeOnLoad (81ms)
				ProcessInitializeOnLoadAttributes (296ms)
				ProcessInitializeOnLoadMethodAttributes (15ms)
				AfterProcessingInitializeOnLoad (8ms)
				EditorAssembliesLoaded (0ms)
			ExecutionOrderSort2 (0ms)
			AwakeInstancesAfterBackupRestoration (2ms)
Platform modules already initialized, skipping
========================================================================
Worker process is ready to serve import requests
Launched and connected shader compiler UnityShaderCompiler.exe after 0.07 seconds
Refreshing native plugins compatible for Editor in 0.66 ms, found 3 plugins.
Preloading 0 native plugins for Editor in 0.00 ms.
Unloading 2319 Unused Serialized files (Serialized files now loaded: 0)
System memory in use before: 102.7 MB.
System memory in use after: 102.9 MB.

Unloading 38 unused Assets to reduce memory usage. Loaded Objects now: 2748.
Total: 3.053400 ms (FindLiveObjects: 0.214600 ms CreateObjectMapping: 0.053400 ms MarkObjects: 2.718000 ms  DeleteObjects: 0.066600 ms)

AssetImportParameters requested are different than current active one (requested -> active):
  custom:framework-win-MediaFoundation: 216162199b28c13a410421893ffa2e32 -> 
  custom:video-decoder-ogg-theora: a1e56fd34408186e4bbccfd4996cb3dc -> 
  custom:container-muxer-webm: aa71ff27fc2769a1b78a27578f13a17b -> 
  custom:container-demuxer-webm: 4f35f7cbe854078d1ac9338744f61a02 -> 
  custom:container-demuxer-ogg: 62fdf1f143b41e24485cea50d1cbac27 -> 
  custom:video-encoder-webm-vp8: eb34c28f22e8b96e1ab97ce403110664 -> 
  custom:video-decoder-webm-vp8: 9c59270c3fd7afecdb556c50c9e8de78 -> 
  custom:audio-decoder-ogg-vorbis: bf7c407c2cedff20999df2af8eb42d56 -> 
  custom:audio-encoder-webm-vorbis: bf7c407c2cedff20999df2af8eb42d56 -> 
========================================================================
Received Import Request.
  path: Assets/Scripts/Enemy/NewBehaviourScript.cs
  artifactKey: Guid(a1ff3fc6f9d274b4e9a0656212f74d25) Importer(815301076,1909f56bfc062723c751e8b465ee728b)
Start importing Assets/Scripts/Enemy/NewBehaviourScript.cs using Guid(a1ff3fc6f9d274b4e9a0656212f74d25) Importer(815301076,1909f56bfc062723c751e8b465ee728b)  -> (artifact id: '620699ecaed23f3feb8043703944abde') in 0.049562 seconds 
========================================================================
Received Import Request.
  Time since last request: 2.138118 seconds.
  path: Assets/Scripts/Enemy/Skeleton.cs
  artifactKey: Guid(a1ff3fc6f9d274b4e9a0656212f74d25) Importer(815301076,1909f56bfc062723c751e8b465ee728b)
Start importing Assets/Scripts/Enemy/Skeleton.cs using Guid(a1ff3fc6f9d274b4e9a0656212f74d25) Importer(815301076,1909f56bfc062723c751e8b465ee728b)  -> (artifact id: 'c46ddc9bb895ce39e5afc6035869710f') in 0.010811 seconds 
========================================================================
Received Prepare
Registering precompiled user dll's ...
Registered in 0.002735 seconds.
Begin MonoManager ReloadAssembly
Native extension for WindowsStandalone target not found
Refreshing native plugins compatible for Editor in 0.65 ms, found 3 plugins.
Preloading 0 native plugins for Editor in 0.00 ms.
Mono: successfully reloaded assembly
- Completed reload, in  1.083 seconds
Domain Reload Profiling:
	ReloadAssembly (1084ms)
		BeginReloadAssembly (126ms)
			ExecutionOrderSort (0ms)
			DisableScriptedObjects (7ms)
			BackupInstance (0ms)
			ReleaseScriptingObjects (0ms)
			CreateAndSetChildDomain (34ms)
		EndReloadAssembly (885ms)
			LoadAssemblies (104ms)
			RebuildTransferFunctionScriptingTraits (0ms)
			SetupTypeCache (304ms)
			ReleaseScriptCaches (1ms)
			RebuildScriptCaches (46ms)
			SetupLoadedEditorAssemblies (325ms)
				LogAssemblyErrors (0ms)
				InitializePlatformSupportModulesInManaged (4ms)
				SetLoadedEditorAssemblies (0ms)
				RefreshPlugins (1ms)
				BeforeProcessingInitializeOnLoad (86ms)
				ProcessInitializeOnLoadAttributes (211ms)
				ProcessInitializeOnLoadMethodAttributes (12ms)
				AfterProcessingInitializeOnLoad (10ms)
				EditorAssembliesLoaded (0ms)
			ExecutionOrderSort2 (0ms)
			AwakeInstancesAfterBackupRestoration (5ms)
Platform modules already initialized, skipping
Switching build target platform(19) subTarget(0) extendedPlatform(0) -> platform(13) subTarget(537395200) extendedPlatform(0)
Refreshing native plugins compatible for Editor in 0.71 ms, found 3 plugins.
Preloading 0 native plugins for Editor in 0.00 ms.
Unloading 2308 Unused Serialized files (Serialized files now loaded: 0)
System memory in use before: 101.9 MB.
System memory in use after: 102.1 MB.

Unloading 27 unused Assets to reduce memory usage. Loaded Objects now: 2751.
Total: 3.767900 ms (FindLiveObjects: 0.272500 ms CreateObjectMapping: 0.065500 ms MarkObjects: 3.397100 ms  DeleteObjects: 0.031200 ms)

AssetImportParameters requested are different than current active one (requested -> active):
  custom:framework-win-MediaFoundation: 216162199b28c13a410421893ffa2e32 -> 
  custom:video-decoder-ogg-theora: a1e56fd34408186e4bbccfd4996cb3dc -> 
  custom:container-muxer-webm: aa71ff27fc2769a1b78a27578f13a17b -> 
  custom:container-demuxer-webm: 4f35f7cbe854078d1ac9338744f61a02 -> 
  custom:container-demuxer-ogg: 62fdf1f143b41e24485cea50d1cbac27 -> 
  custom:video-encoder-webm-vp8: eb34c28f22e8b96e1ab97ce403110664 -> 
  custom:video-decoder-webm-vp8: 9c59270c3fd7afecdb556c50c9e8de78 -> 
  custom:graphics/normal-map-encoding: 01000000000000000000000000000000 -> 02000000000000000000000000000000
  custom:audio-decoder-ogg-vorbis: bf7c407c2cedff20999df2af8eb42d56 -> 
  custom:audio-encoder-webm-vorbis: bf7c407c2cedff20999df2af8eb42d56 -> 
========================================================================
Received Import Request.
  Time since last request: 7.998180 seconds.
  path: Assets/Scripts/Enemy/MossGiantScript.cs
  artifactKey: Guid(25b398fd5e3ffb44cb89b65f236403be) Importer(815301076,1909f56bfc062723c751e8b465ee728b)
Start importing Assets/Scripts/Enemy/MossGiantScript.cs using Guid(25b398fd5e3ffb44cb89b65f236403be) Importer(815301076,1909f56bfc062723c751e8b465ee728b)  -> (artifact id: '962405eb8c935e2ad90503c08dd10f45') in 0.011334 seconds 
========================================================================
Received Import Request.
  Time since last request: 5.937991 seconds.
  path: Assets/Scripts/Enemy/Skeleton.cs
  artifactKey: Guid(a1ff3fc6f9d274b4e9a0656212f74d25) Importer(815301076,1909f56bfc062723c751e8b465ee728b)
Start importing Assets/Scripts/Enemy/Skeleton.cs using Guid(a1ff3fc6f9d274b4e9a0656212f74d25) Importer(815301076,1909f56bfc062723c751e8b465ee728b)  -> (artifact id: 'c737b0f677572b41d478ff0aa09caf79') in 0.002100 seconds 
========================================================================
Received Import Request.
  Time since last request: 3.115290 seconds.
  path: Assets/Scripts/Enemy/Skeleton.cs
  artifactKey: Guid(a1ff3fc6f9d274b4e9a0656212f74d25) Importer(815301076,1909f56bfc062723c751e8b465ee728b)
Start importing Assets/Scripts/Enemy/Skeleton.cs using Guid(a1ff3fc6f9d274b4e9a0656212f74d25) Importer(815301076,1909f56bfc062723c751e8b465ee728b)  -> (artifact id: '346a8652d8886920b2511af0e99e377a') in 0.001908 seconds 
========================================================================
Received Import Request.
  Time since last request: 3.410158 seconds.
  path: Assets/Scripts/Enemy/Skeleton.cs
  artifactKey: Guid(a1ff3fc6f9d274b4e9a0656212f74d25) Importer(815301076,1909f56bfc062723c751e8b465ee728b)
Start importing Assets/Scripts/Enemy/Skeleton.cs using Guid(a1ff3fc6f9d274b4e9a0656212f74d25) Importer(815301076,1909f56bfc062723c751e8b465ee728b)  -> (artifact id: 'f506dbf51855158abb7e579289ae292c') in 0.002007 seconds 
========================================================================
Received Import Request.
  Time since last request: 27.523010 seconds.
  path: Assets/Scripts/Enemy/Skeleton.cs
  artifactKey: Guid(a1ff3fc6f9d274b4e9a0656212f74d25) Importer(815301076,1909f56bfc062723c751e8b465ee728b)
Start importing Assets/Scripts/Enemy/Skeleton.cs using Guid(a1ff3fc6f9d274b4e9a0656212f74d25) Importer(815301076,1909f56bfc062723c751e8b465ee728b)  -> (artifact id: 'a984029835cd0f4fb9f2f12e593d1477') in 0.002295 seconds 
========================================================================
Received Prepare
Registering precompiled user dll's ...
Registered in 0.002541 seconds.
Begin MonoManager ReloadAssembly
Native extension for WindowsStandalone target not found
Refreshing native plugins compatible for Editor in 0.69 ms, found 3 plugins.
Preloading 0 native plugins for Editor in 0.00 ms.
Mono: successfully reloaded assembly
- Completed reload, in  1.121 seconds
Domain Reload Profiling:
	ReloadAssembly (1121ms)
		BeginReloadAssembly (133ms)
			ExecutionOrderSort (0ms)
			DisableScriptedObjects (8ms)
			BackupInstance (0ms)
			ReleaseScriptingObjects (0ms)
			CreateAndSetChildDomain (42ms)
		EndReloadAssembly (913ms)
			LoadAssemblies (106ms)
			RebuildTransferFunctionScriptingTraits (0ms)
			SetupTypeCache (314ms)
			ReleaseScriptCaches (1ms)
			RebuildScriptCaches (49ms)
			SetupLoadedEditorAssemblies (334ms)
				LogAssemblyErrors (0ms)
				InitializePlatformSupportModulesInManaged (5ms)
				SetLoadedEditorAssemblies (1ms)
				RefreshPlugins (1ms)
				BeforeProcessingInitializeOnLoad (88ms)
				ProcessInitializeOnLoadAttributes (220ms)
				ProcessInitializeOnLoadMethodAttributes (12ms)
				AfterProcessingInitializeOnLoad (8ms)
				EditorAssembliesLoaded (0ms)
			ExecutionOrderSort2 (0ms)
			AwakeInstancesAfterBackupRestoration (3ms)
Platform modules already initialized, skipping
Switching build target platform(19) subTarget(0) extendedPlatform(0) -> platform(13) subTarget(537395200) extendedPlatform(0)
Refreshing native plugins compatible for Editor in 0.86 ms, found 3 plugins.
Preloading 0 native plugins for Editor in 0.00 ms.
Unloading 2308 Unused Serialized files (Serialized files now loaded: 0)
System memory in use before: 101.9 MB.
System memory in use after: 102.1 MB.

Unloading 27 unused Assets to reduce memory usage. Loaded Objects now: 2754.
Total: 3.639300 ms (FindLiveObjects: 0.219600 ms CreateObjectMapping: 0.067000 ms MarkObjects: 3.322600 ms  DeleteObjects: 0.028400 ms)

AssetImportParameters requested are different than current active one (requested -> active):
  custom:framework-win-MediaFoundation: 216162199b28c13a410421893ffa2e32 -> 
  custom:video-decoder-ogg-theora: a1e56fd34408186e4bbccfd4996cb3dc -> 
  custom:container-muxer-webm: aa71ff27fc2769a1b78a27578f13a17b -> 
  custom:container-demuxer-webm: 4f35f7cbe854078d1ac9338744f61a02 -> 
  custom:container-demuxer-ogg: 62fdf1f143b41e24485cea50d1cbac27 -> 
  custom:video-encoder-webm-vp8: eb34c28f22e8b96e1ab97ce403110664 -> 
  custom:video-decoder-webm-vp8: 9c59270c3fd7afecdb556c50c9e8de78 -> 
  custom:graphics/normal-map-encoding: 01000000000000000000000000000000 -> 02000000000000000000000000000000
  custom:audio-decoder-ogg-vorbis: bf7c407c2cedff20999df2af8eb42d56 -> 
  custom:audio-encoder-webm-vorbis: bf7c407c2cedff20999df2af8eb42d56 -> 
========================================================================
Received Import Request.
  Time since last request: 23.560586 seconds.
  path: Assets/Dummy_Sprites_Course_3/Characters/Skeleton/Skeleton_Idle.png
  artifactKey: Guid(4e5992d4fdc440f448d14d642ea272f0) Importer(815301076,1909f56bfc062723c751e8b465ee728b)
Start importing Assets/Dummy_Sprites_Course_3/Characters/Skeleton/Skeleton_Idle.png using Guid(4e5992d4fdc440f448d14d642ea272f0) Importer(815301076,1909f56bfc062723c751e8b465ee728b)  -> (artifact id: '3a2aaac19e6401be5218b68ee0553bd2') in 0.085599 seconds 
========================================================================
Received Import Request.
  Time since last request: 50.007277 seconds.
  path: Assets/Dummy_Sprites_Course_3/Characters/Skeleton/Skeleton_Idle.png
  artifactKey: Guid(4e5992d4fdc440f448d14d642ea272f0) Importer(815301076,1909f56bfc062723c751e8b465ee728b)
Start importing Assets/Dummy_Sprites_Course_3/Characters/Skeleton/Skeleton_Idle.png using Guid(4e5992d4fdc440f448d14d642ea272f0) Importer(815301076,1909f56bfc062723c751e8b465ee728b)  -> (artifact id: 'cb3a1ee37ebe8b2b30da01cc56df82df') in 0.120119 seconds 
========================================================================
Received Import Request.
  Time since last request: 5.901379 seconds.
  path: Assets/Dummy_Sprites_Course_3/Characters/Skeleton/Skeleton_Idle.png
  artifactKey: Guid(4e5992d4fdc440f448d14d642ea272f0) Importer(815301076,1909f56bfc062723c751e8b465ee728b)
Start importing Assets/Dummy_Sprites_Course_3/Characters/Skeleton/Skeleton_Idle.png using Guid(4e5992d4fdc440f448d14d642ea272f0) Importer(815301076,1909f56bfc062723c751e8b465ee728b)  -> (artifact id: 'abe14c9a82e24727711ac68bff333d33') in 0.086992 seconds 
========================================================================
Received Import Request.
  Time since last request: 419.924041 seconds.
  path: Assets/Dummy_Sprites_Course_3/Characters/Skeleton/Skeleton_Walk.png
  artifactKey: Guid(2d2ad9a7bc1b6f94494f6458d717181d) Importer(815301076,1909f56bfc062723c751e8b465ee728b)
Start importing Assets/Dummy_Sprites_Course_3/Characters/Skeleton/Skeleton_Walk.png using Guid(2d2ad9a7bc1b6f94494f6458d717181d) Importer(815301076,1909f56bfc062723c751e8b465ee728b)  -> (artifact id: '97575b29f4d6a4e1d4e6b546c3a63c3c') in 0.036418 seconds 
========================================================================
Received Import Request.
  Time since last request: 9.534546 seconds.
  path: Assets/Dummy_Sprites_Course_3/Characters/Skeleton/Skeleton_Walk.png
  artifactKey: Guid(2d2ad9a7bc1b6f94494f6458d717181d) Importer(815301076,1909f56bfc062723c751e8b465ee728b)
Start importing Assets/Dummy_Sprites_Course_3/Characters/Skeleton/Skeleton_Walk.png using Guid(2d2ad9a7bc1b6f94494f6458d717181d) Importer(815301076,1909f56bfc062723c751e8b465ee728b)  -> (artifact id: '8c5c70650fe99d4e63c5ee4d24204d52') in 0.028934 seconds 
========================================================================
Received Import Request.
  Time since last request: 13.563274 seconds.
  path: Assets/Dummy_Sprites_Course_3/Characters/Skeleton/Skeleton_Walk.png
  artifactKey: Guid(2d2ad9a7bc1b6f94494f6458d717181d) Importer(815301076,1909f56bfc062723c751e8b465ee728b)
Start importing Assets/Dummy_Sprites_Course_3/Characters/Skeleton/Skeleton_Walk.png using Guid(2d2ad9a7bc1b6f94494f6458d717181d) Importer(815301076,1909f56bfc062723c751e8b465ee728b)  -> (artifact id: '96c206691635deb59c584af498f5eb17') in 0.030921 seconds 
========================================================================
Received Import Request.
  Time since last request: 6.472062 seconds.
  path: Assets/Dummy_Sprites_Course_3/Characters/Skeleton/Skeleton_Walk.png
  artifactKey: Guid(2d2ad9a7bc1b6f94494f6458d717181d) Importer(815301076,1909f56bfc062723c751e8b465ee728b)
Start importing Assets/Dummy_Sprites_Course_3/Characters/Skeleton/Skeleton_Walk.png using Guid(2d2ad9a7bc1b6f94494f6458d717181d) Importer(815301076,1909f56bfc062723c751e8b465ee728b)  -> (artifact id: '853af525a2e0119dcbc93b528501a83c') in 0.087672 seconds 
========================================================================
Received Prepare
Registering precompiled user dll's ...
Registered in 0.002449 seconds.
Begin MonoManager ReloadAssembly
Native extension for WindowsStandalone target not found
Refreshing native plugins compatible for Editor in 1.00 ms, found 3 plugins.
Preloading 0 native plugins for Editor in 0.00 ms.
Mono: successfully reloaded assembly
- Completed reload, in  1.204 seconds
Domain Reload Profiling:
	ReloadAssembly (1204ms)
		BeginReloadAssembly (140ms)
			ExecutionOrderSort (0ms)
			DisableScriptedObjects (8ms)
			BackupInstance (0ms)
			ReleaseScriptingObjects (0ms)
			CreateAndSetChildDomain (45ms)
		EndReloadAssembly (993ms)
			LoadAssemblies (114ms)
			RebuildTransferFunctionScriptingTraits (0ms)
			SetupTypeCache (318ms)
			ReleaseScriptCaches (1ms)
			RebuildScriptCaches (51ms)
			SetupLoadedEditorAssemblies (380ms)
				LogAssemblyErrors (0ms)
				InitializePlatformSupportModulesInManaged (4ms)
				SetLoadedEditorAssemblies (1ms)
				RefreshPlugins (1ms)
				BeforeProcessingInitializeOnLoad (98ms)
				ProcessInitializeOnLoadAttributes (253ms)
				ProcessInitializeOnLoadMethodAttributes (14ms)
				AfterProcessingInitializeOnLoad (8ms)
				EditorAssembliesLoaded (0ms)
			ExecutionOrderSort2 (0ms)
			AwakeInstancesAfterBackupRestoration (3ms)
Platform modules already initialized, skipping
Switching build target platform(19) subTarget(0) extendedPlatform(0) -> platform(13) subTarget(537395200) extendedPlatform(0)
Refreshing native plugins compatible for Editor in 1.05 ms, found 3 plugins.
Preloading 0 native plugins for Editor in 0.00 ms.
Unloading 2308 Unused Serialized files (Serialized files now loaded: 0)
System memory in use before: 104.9 MB.
System memory in use after: 105.1 MB.

Unloading 27 unused Assets to reduce memory usage. Loaded Objects now: 2766.
Total: 3.388400 ms (FindLiveObjects: 0.221300 ms CreateObjectMapping: 0.055900 ms MarkObjects: 3.084900 ms  DeleteObjects: 0.025100 ms)

AssetImportParameters requested are different than current active one (requested -> active):
  custom:framework-win-MediaFoundation: 216162199b28c13a410421893ffa2e32 -> 
  custom:video-decoder-ogg-theora: a1e56fd34408186e4bbccfd4996cb3dc -> 
  custom:container-muxer-webm: aa71ff27fc2769a1b78a27578f13a17b -> 
  custom:container-demuxer-webm: 4f35f7cbe854078d1ac9338744f61a02 -> 
  custom:container-demuxer-ogg: 62fdf1f143b41e24485cea50d1cbac27 -> 
  custom:video-encoder-webm-vp8: eb34c28f22e8b96e1ab97ce403110664 -> 
  custom:video-decoder-webm-vp8: 9c59270c3fd7afecdb556c50c9e8de78 -> 
  custom:graphics/normal-map-encoding: 01000000000000000000000000000000 -> 02000000000000000000000000000000
  custom:audio-decoder-ogg-vorbis: bf7c407c2cedff20999df2af8eb42d56 -> 
  custom:audio-encoder-webm-vorbis: bf7c407c2cedff20999df2af8eb42d56 -> 
========================================================================
Received Prepare
Registering precompiled user dll's ...
Registered in 0.003616 seconds.
Begin MonoManager ReloadAssembly
Native extension for WindowsStandalone target not found
Refreshing native plugins compatible for Editor in 0.66 ms, found 3 plugins.
Preloading 0 native plugins for Editor in 0.00 ms.
Mono: successfully reloaded assembly
- Completed reload, in  1.062 seconds
Domain Reload Profiling:
	ReloadAssembly (1063ms)
		BeginReloadAssembly (115ms)
			ExecutionOrderSort (0ms)
			DisableScriptedObjects (7ms)
			BackupInstance (0ms)
			ReleaseScriptingObjects (0ms)
			CreateAndSetChildDomain (30ms)
		EndReloadAssembly (880ms)
			LoadAssemblies (100ms)
			RebuildTransferFunctionScriptingTraits (0ms)
			SetupTypeCache (285ms)
			ReleaseScriptCaches (1ms)
			RebuildScriptCaches (50ms)
			SetupLoadedEditorAssemblies (330ms)
				LogAssemblyErrors (0ms)
				InitializePlatformSupportModulesInManaged (4ms)
				SetLoadedEditorAssemblies (0ms)
				RefreshPlugins (1ms)
				BeforeProcessingInitializeOnLoad (86ms)
				ProcessInitializeOnLoadAttributes (219ms)
				ProcessInitializeOnLoadMethodAttributes (12ms)
				AfterProcessingInitializeOnLoad (7ms)
				EditorAssembliesLoaded (0ms)
			ExecutionOrderSort2 (0ms)
			AwakeInstancesAfterBackupRestoration (3ms)
Platform modules already initialized, skipping
Switching build target platform(19) subTarget(0) extendedPlatform(0) -> platform(13) subTarget(537395200) extendedPlatform(0)
Refreshing native plugins compatible for Editor in 0.68 ms, found 3 plugins.
Preloading 0 native plugins for Editor in 0.00 ms.
Unloading 2308 Unused Serialized files (Serialized files now loaded: 0)
System memory in use before: 104.9 MB.
System memory in use after: 105.1 MB.

Unloading 27 unused Assets to reduce memory usage. Loaded Objects now: 2769.
Total: 3.090200 ms (FindLiveObjects: 0.213100 ms CreateObjectMapping: 0.056500 ms MarkObjects: 2.795400 ms  DeleteObjects: 0.024000 ms)

AssetImportParameters requested are different than current active one (requested -> active):
  custom:framework-win-MediaFoundation: 216162199b28c13a410421893ffa2e32 -> 
  custom:video-decoder-ogg-theora: a1e56fd34408186e4bbccfd4996cb3dc -> 
  custom:container-muxer-webm: aa71ff27fc2769a1b78a27578f13a17b -> 
  custom:container-demuxer-webm: 4f35f7cbe854078d1ac9338744f61a02 -> 
  custom:container-demuxer-ogg: 62fdf1f143b41e24485cea50d1cbac27 -> 
  custom:video-encoder-webm-vp8: eb34c28f22e8b96e1ab97ce403110664 -> 
  custom:video-decoder-webm-vp8: 9c59270c3fd7afecdb556c50c9e8de78 -> 
  custom:graphics/normal-map-encoding: 01000000000000000000000000000000 -> 02000000000000000000000000000000
  custom:audio-decoder-ogg-vorbis: bf7c407c2cedff20999df2af8eb42d56 -> 
  custom:audio-encoder-webm-vorbis: bf7c407c2cedff20999df2af8eb42d56 -> 
AssetImportWorkerClient::OnTransportError - code=2 error=End of file
